<?xml version="1.0" encoding="UTF-8"?>
<!-- Generated by org.testng.reporters.JUnitReportReporter -->
<testsuite skipped="0" hostname="LAPTOP-7PGIPD6C" name="Mavenjob.Mavenjob.SeleniumTest" tests="2" failures="0" timestamp="29 Aug 2020 14:57:31 GMT" time="0.014" errors="0">
  <testcase name="BrowserAutomation" time="0.012" classname="Mavenjob.Mavenjob.SeleniumTest"/>
  <testcase name="elementsUi" time="0.002" classname="Mavenjob.Mavenjob.SeleniumTest"/>
</testsuite> <!-- Mavenjob.Mavenjob.SeleniumTest -->
