<?xml version="1.0" encoding="UTF-8"?>
<!-- Generated by org.testng.reporters.JUnitReportReporter -->
<testsuite skipped="0" hostname="LAPTOP-7PGIPD6C" name="Mavenjob.Mavenjob.RestAPiTest" tests="2" failures="0" timestamp="29 Aug 2020 14:57:31 GMT" time="0.009" errors="0">
  <testcase name="postJira" time="0.005" classname="Mavenjob.Mavenjob.RestAPiTest"/>
  <testcase name="deleteTwitter" time="0.004" classname="Mavenjob.Mavenjob.RestAPiTest"/>
</testsuite> <!-- Mavenjob.Mavenjob.RestAPiTest -->
