<?xml version="1.0" encoding="UTF-8"?>
<!-- Generated by org.testng.reporters.JUnitReportReporter -->
<testsuite skipped="0" hostname="LAPTOP-7PGIPD6C" name="Mavenjob.Mavenjob.AppiumTest" tests="2" failures="0" timestamp="29 Aug 2020 14:57:31 GMT" time="0.005" errors="0">
  <testcase name="IOSApps" time="0.003" classname="Mavenjob.Mavenjob.AppiumTest"/>
  <testcase name="nativeAppAndroid" time="0.002" classname="Mavenjob.Mavenjob.AppiumTest"/>
</testsuite> <!-- Mavenjob.Mavenjob.AppiumTest -->
